<?xml version="1.0" encoding="UTF-8"?>
<testsuite name="com.dongjin.oad.dao.ProductDaoImplTest" tests="5" skipped="0" failures="0" errors="0" timestamp="2018-11-14T19:51:23" hostname="imdongjin-ui-MacBook-Pro.local" time="0.149">
  <properties/>
  <testcase name="create" classname="com.dongjin.oad.dao.ProductDaoImplTest" time="0.108"/>
  <testcase name="delete" classname="com.dongjin.oad.dao.ProductDaoImplTest" time="0.01"/>
  <testcase name="findAll" classname="com.dongjin.oad.dao.ProductDaoImplTest" time="0.006"/>
  <testcase name="update" classname="com.dongjin.oad.dao.ProductDaoImplTest" time="0.009"/>
  <testcase name="findById" classname="com.dongjin.oad.dao.ProductDaoImplTest" time="0.015"/>
  <system-out><![CDATA[]]></system-out>
  <system-err><![CDATA[]]></system-err>
</testsuite>
